--------------------------------------------------------------------------------------------------------------------------------------------------------
      name:  <unnamed>
       log: 
  log type:  text
 opened on:  26 Jul 2021, 17:13:45

. sum $scarlet_average $y_list

    Variable |        Obs        Mean    Std. Dev.       Min        Max
-------------+---------------------------------------------------------
       sfa_1 |    241,685    .1143153    .0926363          0   2.749891
       sfa_5 |    241,685    .0987658    .0608133          0   1.097898
      sfa_10 |    241,685    .0813256    .0482264          0   .6548204
          rd |    241,685    .0034839    .0589216          0          1
           v |    241,685    .0083166    .0908156          0          1
-------------+---------------------------------------------------------
         ami |    241,685    .0165918    .1277365          0          1
         ihd |    241,685    .0473054    .2122917          0          1
      stroke |    241,685    .0176221    .1315737          0          1
         cvd |    241,685    .2741171    .4460692          0          1
          eu |    207,248   -2.47e-08           1  -1.643269   .8635949
-------------+---------------------------------------------------------
          fi |     99,191    2.41e-09           1  -2.983638    3.21352

. log close
      name:  <unnamed>
       log: 
  log type:  text
 closed on:  26 Jul 2021, 17:13:45
--------------------------------------------------------------------------------------------------------------------------------------------------------
