--------------------------------------------------------------------------------------------------------------------------------------------------------
      name:  <unnamed>
       log: 
  log type:  text
 opened on:  26 Jul 2021, 16:03:31

. foreach var of varlist $y_list{
  2.         tab `var'
  3. }

         RD |      Freq.     Percent        Cum.
------------+-----------------------------------
          0 |    240,843       99.65       99.65
          1 |        842        0.35      100.00
------------+-----------------------------------
      Total |    241,685      100.00

          V |      Freq.     Percent        Cum.
------------+-----------------------------------
          0 |    239,675       99.17       99.17
          1 |      2,010        0.83      100.00
------------+-----------------------------------
      Total |    241,685      100.00

        AMI |      Freq.     Percent        Cum.
------------+-----------------------------------
          0 |    237,675       98.34       98.34
          1 |      4,010        1.66      100.00
------------+-----------------------------------
      Total |    241,685      100.00

        IHD |      Freq.     Percent        Cum.
------------+-----------------------------------
          0 |    230,252       95.27       95.27
          1 |     11,433        4.73      100.00
------------+-----------------------------------
      Total |    241,685      100.00

     STROKE |      Freq.     Percent        Cum.
------------+-----------------------------------
          0 |    237,426       98.24       98.24
          1 |      4,259        1.76      100.00
------------+-----------------------------------
      Total |    241,685      100.00

        CVD |      Freq.     Percent        Cum.
------------+-----------------------------------
          0 |    175,435       72.59       72.59
          1 |     66,250       27.41      100.00
------------+-----------------------------------
      Total |    241,685      100.00

Standardize |
d values of |
 (eduyears) |      Freq.     Percent        Cum.
------------+-----------------------------------
  -1.643269 |     43,403       20.94       20.94
  -.8912101 |     13,313        6.42       27.37
  -.3898372 |     28,898       13.94       41.31
   .6129085 |     42,242       20.38       61.69
   .8635949 |     79,392       38.31      100.00
------------+-----------------------------------
      Total |    207,248      100.00

Standardize |
d values of |
(fluid_inte |
  lligence) |      Freq.     Percent        Cum.
------------+-----------------------------------
  -2.983638 |         70        0.07        0.07
  -2.506934 |        532        0.54        0.61
  -2.030229 |      2,301        2.32        2.93
  -1.553525 |      6,015        6.06        8.99
   -1.07682 |     11,724       11.82       20.81
  -.6001158 |     16,268       16.40       37.21
  -.1234113 |     17,237       17.38       54.59
   .3532931 |     17,598       17.74       72.33
   .8299976 |     14,496       14.61       86.94
   1.306702 |      6,186        6.24       93.18
   1.783407 |      4,153        4.19       97.37
   2.260111 |      1,812        1.83       99.19
   2.736815 |        689        0.69       99.89
    3.21352 |        110        0.11      100.00
------------+-----------------------------------
      Total |     99,191      100.00

. log close
      name:  <unnamed>
       log: 
  log type:  text
 closed on:  26 Jul 2021, 16:03:35
--------------------------------------------------------------------------------------------------------------------------------------------------------
